<?xml version="1.0" encoding="UTF-8"?>
<testsuite xmlns:xsi="http://www.w3.org/2001/XMLSchema-instance" xsi:noNamespaceSchemaLocation="https://maven.apache.org/surefire/maven-surefire-plugin/xsd/surefire-test-report-3.0.xsd" version="3.0" name="org.eman.CompilerRequirementsTest" time="0.038" tests="14" errors="0" skipped="0" failures="0">
  <properties>
[...]
</properties>
  <testcase name="lab1_lexer_produces_token_array" classname="org.eman.CompilerRequirementsTest" time="0.011"/>
  <testcase name="lab4_interpreter_evaluates_math_loops_and_print" classname="org.eman.CompilerRequirementsTest" time="0.007"/>
  <testcase name="lab6_optimizer_folds_string_concatenation" classname="org.eman.CompilerRequirementsTest" time="0.001"/>
  <testcase name="lab1_lexer_maximal_munch_for_operators" classname="org.eman.CompilerRequirementsTest" time="0.001"/>
  <testcase name="lab3_semantic_reports_type_mismatch" classname="org.eman.CompilerRequirementsTest" time="0.001"/>
  <testcase name="lab6_optimizer_folds_constants" classname="org.eman.CompilerRequirementsTest" time="0.001"/>
  <testcase name="lab2_parser_builds_ast_with_operator_precedence" classname="org.eman.CompilerRequirementsTest" time="0.0"/>
  <testcase name="full_pipeline_demo_factorial_and_sort" classname="org.eman.CompilerRequirementsTest" time="0.002"/>
  <testcase name="lab4_interpreter_lazy_logical_operators" classname="org.eman.CompilerRequirementsTest" time="0.0"/>
  <testcase name="lab3_semantic_warns_about_unused_and_uninitialized" classname="org.eman.CompilerRequirementsTest" time="0.001"/>
  <testcase name="lab2_parser_supports_if_while_blocks" classname="org.eman.CompilerRequirementsTest" time="0.0"/>
  <testcase name="lab5_functions_support_recursion_and_return" classname="org.eman.CompilerRequirementsTest" time="0.001"/>
  <testcase name="lab6_optimizer_eliminates_dead_code" classname="org.eman.CompilerRequirementsTest" time="0.0"/>
  <testcase name="lab7_arrays_support_index_read_and_write" classname="org.eman.CompilerRequirementsTest" time="0.0"/>
</testsuite>